
*** Running vivado
    with args -log clockgen_clk_wiz_0_0.vds -m64 -product Vivado -mode batch -messageDb vivado.pb -notrace -source clockgen_clk_wiz_0_0.tcl


****** Vivado v2024.2 (64-bit)
  **** SW Build 5239630 on Fri Nov 08 22:34:34 MST 2024
  **** IP Build 5239520 on Sun Nov 10 16:12:51 MST 2024
  **** SharedData Build 5239561 on Fri Nov 08 14:39:27 MST 2024
  **** Start of session at: Thu Apr 17 00:08:01 2025
    ** Copyright 1986-2022 Xilinx, Inc. All Rights Reserved.
    ** Copyright 2022-2024 Advanced Micro Devices, Inc. All Rights Reserved.

source clockgen_clk_wiz_0_0.tcl -notrace
INFO: [IP_Flow 19-6924] IPCACHE: Running cache check for IP inst: clockgen_clk_wiz_0_0
Command: synth_design -top clockgen_clk_wiz_0_0 -part xc7a200tsbg484-1 -incremental_mode off -mode out_of_context
Starting synth_design
Attempting to get a license for feature 'Synthesis' and/or device 'xc7a200t'
INFO: [Common 17-349] Got license for feature 'Synthesis' and/or device 'xc7a200t'
INFO: [Device 21-403] Loading part xc7a200tsbg484-1
INFO: [Synth 8-7079] Multithreading enabled for synth_design using a maximum of 7 processes.
INFO: [Synth 8-7078] Launching helper process for spawning children vivado processes
INFO: [Synth 8-7075] Helper process launched with PID 2449059
---------------------------------------------------------------------------------
Starting RTL Elaboration : Time (s): cpu = 00:00:02 ; elapsed = 00:00:03 . Memory (MB): peak = 2135.395 ; gain = 417.828 ; free physical = 50153 ; free virtual = 97980
---------------------------------------------------------------------------------
INFO: [Synth 8-6157] synthesizing module 'clockgen_clk_wiz_0_0' [/home/eiffel/adaptive_timing_repair/project_1/project_1.gen/sources_1/bd/clockgen/ip/clockgen_clk_wiz_0_0/clockgen_clk_wiz_0_0.v:66]
INFO: [Synth 8-6157] synthesizing module 'clockgen_clk_wiz_0_0_clk_wiz' [/home/eiffel/adaptive_timing_repair/project_1/project_1.gen/sources_1/bd/clockgen/ip/clockgen_clk_wiz_0_0/clockgen_clk_wiz_0_0_clk_wiz.v:66]
INFO: [Synth 8-6157] synthesizing module 'IBUF' [/home/eiffel/tools/XIlinx/Vivado/2024.2/scripts/rt/data/unisim_comp.v:75825]
INFO: [Synth 8-6155] done synthesizing module 'IBUF' (0#1) [/home/eiffel/tools/XIlinx/Vivado/2024.2/scripts/rt/data/unisim_comp.v:75825]
INFO: [Synth 8-6157] synthesizing module 'MMCME2_ADV' [/home/eiffel/tools/XIlinx/Vivado/2024.2/scripts/rt/data/unisim_comp.v:84588]
	Parameter BANDWIDTH bound to: OPTIMIZED - type: string 
	Parameter CLKFBOUT_MULT_F bound to: 10.000000 - type: double 
	Parameter CLKFBOUT_PHASE bound to: 0.000000 - type: double 
	Parameter CLKFBOUT_USE_FINE_PS bound to: FALSE - type: string 
	Parameter CLKIN1_PERIOD bound to: 10.000000 - type: double 
	Parameter CLKOUT0_DIVIDE_F bound to: 10.000000 - type: double 
	Parameter CLKOUT0_DUTY_CYCLE bound to: 0.500000 - type: double 
	Parameter CLKOUT0_PHASE bound to: 0.000000 - type: double 
	Parameter CLKOUT0_USE_FINE_PS bound to: FALSE - type: string 
	Parameter CLKOUT1_DIVIDE bound to: 10 - type: integer 
	Parameter CLKOUT1_DUTY_CYCLE bound to: 0.500000 - type: double 
	Parameter CLKOUT1_PHASE bound to: 0.000000 - type: double 
	Parameter CLKOUT1_USE_FINE_PS bound to: TRUE - type: string 
	Parameter CLKOUT4_CASCADE bound to: FALSE - type: string 
	Parameter COMPENSATION bound to: ZHOLD - type: string 
	Parameter DIVCLK_DIVIDE bound to: 1 - type: integer 
	Parameter STARTUP_WAIT bound to: FALSE - type: string 
INFO: [Synth 8-6155] done synthesizing module 'MMCME2_ADV' (0#1) [/home/eiffel/tools/XIlinx/Vivado/2024.2/scripts/rt/data/unisim_comp.v:84588]
INFO: [Synth 8-6157] synthesizing module 'BUFG' [/home/eiffel/tools/XIlinx/Vivado/2024.2/scripts/rt/data/unisim_comp.v:2676]
INFO: [Synth 8-6155] done synthesizing module 'BUFG' (0#1) [/home/eiffel/tools/XIlinx/Vivado/2024.2/scripts/rt/data/unisim_comp.v:2676]
INFO: [Synth 8-6155] done synthesizing module 'clockgen_clk_wiz_0_0_clk_wiz' (0#1) [/home/eiffel/adaptive_timing_repair/project_1/project_1.gen/sources_1/bd/clockgen/ip/clockgen_clk_wiz_0_0/clockgen_clk_wiz_0_0_clk_wiz.v:66]
INFO: [Synth 8-6155] done synthesizing module 'clockgen_clk_wiz_0_0' (0#1) [/home/eiffel/adaptive_timing_repair/project_1/project_1.gen/sources_1/bd/clockgen/ip/clockgen_clk_wiz_0_0/clockgen_clk_wiz_0_0.v:66]
---------------------------------------------------------------------------------
Finished RTL Elaboration : Time (s): cpu = 00:00:03 ; elapsed = 00:00:03 . Memory (MB): peak = 2208.363 ; gain = 490.797 ; free physical = 50055 ; free virtual = 97887
---------------------------------------------------------------------------------
---------------------------------------------------------------------------------
Start Handling Custom Attributes
---------------------------------------------------------------------------------
---------------------------------------------------------------------------------
Finished Handling Custom Attributes : Time (s): cpu = 00:00:03 ; elapsed = 00:00:04 . Memory (MB): peak = 2223.207 ; gain = 505.641 ; free physical = 50050 ; free virtual = 97883
---------------------------------------------------------------------------------
---------------------------------------------------------------------------------
Finished RTL Optimization Phase 1 : Time (s): cpu = 00:00:03 ; elapsed = 00:00:04 . Memory (MB): peak = 2223.207 ; gain = 505.641 ; free physical = 50050 ; free virtual = 97883
---------------------------------------------------------------------------------
Netlist sorting complete. Time (s): cpu = 00:00:00 ; elapsed = 00:00:00 . Memory (MB): peak = 2229.145 ; gain = 0.000 ; free physical = 50044 ; free virtual = 97877
INFO: [Netlist 29-17] Analyzing 1 Unisim elements for replacement
INFO: [Netlist 29-28] Unisim Transformation completed in 0 CPU seconds
INFO: [Project 1-570] Preparing netlist for logic optimization

Processing XDC Constraints
Initializing timing engine
Parsing XDC File [/home/eiffel/adaptive_timing_repair/project_1/project_1.gen/sources_1/bd/clockgen/ip/clockgen_clk_wiz_0_0/clockgen_clk_wiz_0_0_ooc.xdc] for cell 'inst'
Finished Parsing XDC File [/home/eiffel/adaptive_timing_repair/project_1/project_1.gen/sources_1/bd/clockgen/ip/clockgen_clk_wiz_0_0/clockgen_clk_wiz_0_0_ooc.xdc] for cell 'inst'
Parsing XDC File [/home/eiffel/adaptive_timing_repair/project_1/project_1.gen/sources_1/bd/clockgen/ip/clockgen_clk_wiz_0_0/clockgen_clk_wiz_0_0_board.xdc] for cell 'inst'
Finished Parsing XDC File [/home/eiffel/adaptive_timing_repair/project_1/project_1.gen/sources_1/bd/clockgen/ip/clockgen_clk_wiz_0_0/clockgen_clk_wiz_0_0_board.xdc] for cell 'inst'
Parsing XDC File [/home/eiffel/adaptive_timing_repair/project_1/project_1.gen/sources_1/bd/clockgen/ip/clockgen_clk_wiz_0_0/clockgen_clk_wiz_0_0.xdc] for cell 'inst'
Finished Parsing XDC File [/home/eiffel/adaptive_timing_repair/project_1/project_1.gen/sources_1/bd/clockgen/ip/clockgen_clk_wiz_0_0/clockgen_clk_wiz_0_0.xdc] for cell 'inst'
INFO: [Project 1-236] Implementation specific constraints were found while reading constraint file [/home/eiffel/adaptive_timing_repair/project_1/project_1.gen/sources_1/bd/clockgen/ip/clockgen_clk_wiz_0_0/clockgen_clk_wiz_0_0.xdc]. These constraints will be ignored for synthesis but will be used in implementation. Impacted constraints are listed in the file [.Xil/clockgen_clk_wiz_0_0_propImpl.xdc].
Resolution: To avoid this warning, move constraints listed in [.Xil/clockgen_clk_wiz_0_0_propImpl.xdc] to another XDC file and exclude this new file from synthesis with the used_in_synthesis property (File Properties dialog in GUI) and re-run elaboration/synthesis.
INFO: [Timing 38-2] Deriving generated clocks
Parsing XDC File [/home/eiffel/adaptive_timing_repair/project_1/project_1.runs/clockgen_clk_wiz_0_0_synth_1/dont_touch.xdc]
Finished Parsing XDC File [/home/eiffel/adaptive_timing_repair/project_1/project_1.runs/clockgen_clk_wiz_0_0_synth_1/dont_touch.xdc]
Completed Processing XDC Constraints

Netlist sorting complete. Time (s): cpu = 00:00:00 ; elapsed = 00:00:00 . Memory (MB): peak = 2296.145 ; gain = 0.000 ; free physical = 49907 ; free virtual = 97753
INFO: [Project 1-111] Unisim Transformation Summary:
No Unisim elements were transformed.

Constraint Validation Runtime : Time (s): cpu = 00:00:00.01 ; elapsed = 00:00:00.01 . Memory (MB): peak = 2296.145 ; gain = 0.000 ; free physical = 49906 ; free virtual = 97752
INFO: [Designutils 20-5008] Incremental synthesis strategy off
---------------------------------------------------------------------------------
Finished Constraint Validation : Time (s): cpu = 00:00:08 ; elapsed = 00:00:08 . Memory (MB): peak = 2296.145 ; gain = 578.578 ; free physical = 50002 ; free virtual = 97851
---------------------------------------------------------------------------------
---------------------------------------------------------------------------------
Start Loading Part and Timing Information
---------------------------------------------------------------------------------
Loading part: xc7a200tsbg484-1
---------------------------------------------------------------------------------
Finished Loading Part and Timing Information : Time (s): cpu = 00:00:08 ; elapsed = 00:00:08 . Memory (MB): peak = 2304.148 ; gain = 586.582 ; free physical = 50002 ; free virtual = 97851
---------------------------------------------------------------------------------
---------------------------------------------------------------------------------
Start Applying 'set_property' XDC Constraints
---------------------------------------------------------------------------------
Applied set_property keep_hierarchy = soft for inst. (constraint file  /home/eiffel/adaptive_timing_repair/project_1/project_1.gen/sources_1/bd/clockgen/ip/clockgen_clk_wiz_0_0/clockgen_clk_wiz_0_0.xdc, line 53).
Applied set_property KEEP_HIERARCHY = SOFT for inst. (constraint file  /home/eiffel/adaptive_timing_repair/project_1/project_1.runs/clockgen_clk_wiz_0_0_synth_1/dont_touch.xdc, line 9).
---------------------------------------------------------------------------------
Finished applying 'set_property' XDC Constraints : Time (s): cpu = 00:00:08 ; elapsed = 00:00:08 . Memory (MB): peak = 2304.148 ; gain = 586.582 ; free physical = 50002 ; free virtual = 97851
---------------------------------------------------------------------------------
---------------------------------------------------------------------------------
Finished RTL Optimization Phase 2 : Time (s): cpu = 00:00:08 ; elapsed = 00:00:08 . Memory (MB): peak = 2304.148 ; gain = 586.582 ; free physical = 50000 ; free virtual = 97849
---------------------------------------------------------------------------------
---------------------------------------------------------------------------------
Start RTL Component Statistics 
---------------------------------------------------------------------------------
Detailed RTL Component Info : 
---------------------------------------------------------------------------------
Finished RTL Component Statistics 
---------------------------------------------------------------------------------
---------------------------------------------------------------------------------
Start Part Resource Summary
---------------------------------------------------------------------------------
Part Resources:
DSPs: 740 (col length:100)
BRAMs: 730 (col length: RAMB18 100 RAMB36 50)
---------------------------------------------------------------------------------
Finished Part Resource Summary
---------------------------------------------------------------------------------
---------------------------------------------------------------------------------
Start Cross Boundary and Area Optimization
---------------------------------------------------------------------------------
WARNING: [Synth 8-7080] Parallel synthesis criteria is not met
---------------------------------------------------------------------------------
Finished Cross Boundary and Area Optimization : Time (s): cpu = 00:00:08 ; elapsed = 00:00:09 . Memory (MB): peak = 2304.148 ; gain = 586.582 ; free physical = 49995 ; free virtual = 97844
---------------------------------------------------------------------------------
---------------------------------------------------------------------------------
Start Applying XDC Timing Constraints
---------------------------------------------------------------------------------
---------------------------------------------------------------------------------
Finished Applying XDC Timing Constraints : Time (s): cpu = 00:00:12 ; elapsed = 00:00:12 . Memory (MB): peak = 2385.148 ; gain = 667.582 ; free physical = 49908 ; free virtual = 97770
---------------------------------------------------------------------------------
---------------------------------------------------------------------------------
Start Timing Optimization
---------------------------------------------------------------------------------
---------------------------------------------------------------------------------
Finished Timing Optimization : Time (s): cpu = 00:00:12 ; elapsed = 00:00:12 . Memory (MB): peak = 2385.148 ; gain = 667.582 ; free physical = 49908 ; free virtual = 97770
---------------------------------------------------------------------------------
---------------------------------------------------------------------------------
Start Technology Mapping
---------------------------------------------------------------------------------
---------------------------------------------------------------------------------
Finished Technology Mapping : Time (s): cpu = 00:00:12 ; elapsed = 00:00:12 . Memory (MB): peak = 2395.164 ; gain = 677.598 ; free physical = 49900 ; free virtual = 97761
---------------------------------------------------------------------------------
---------------------------------------------------------------------------------
Start IO Insertion
---------------------------------------------------------------------------------
---------------------------------------------------------------------------------
Start Flattening Before IO Insertion
---------------------------------------------------------------------------------
---------------------------------------------------------------------------------
Finished Flattening Before IO Insertion
---------------------------------------------------------------------------------
---------------------------------------------------------------------------------
Start Final Netlist Cleanup
---------------------------------------------------------------------------------
---------------------------------------------------------------------------------
Finished Final Netlist Cleanup
---------------------------------------------------------------------------------
---------------------------------------------------------------------------------
Finished IO Insertion : Time (s): cpu = 00:00:14 ; elapsed = 00:00:15 . Memory (MB): peak = 2556.977 ; gain = 839.410 ; free physical = 49749 ; free virtual = 97611
---------------------------------------------------------------------------------
---------------------------------------------------------------------------------
Start Renaming Generated Instances
---------------------------------------------------------------------------------
---------------------------------------------------------------------------------
Finished Renaming Generated Instances : Time (s): cpu = 00:00:14 ; elapsed = 00:00:15 . Memory (MB): peak = 2556.977 ; gain = 839.410 ; free physical = 49749 ; free virtual = 97611
---------------------------------------------------------------------------------
---------------------------------------------------------------------------------
Start Rebuilding User Hierarchy
---------------------------------------------------------------------------------
---------------------------------------------------------------------------------
Finished Rebuilding User Hierarchy : Time (s): cpu = 00:00:14 ; elapsed = 00:00:15 . Memory (MB): peak = 2556.977 ; gain = 839.410 ; free physical = 49749 ; free virtual = 97611
---------------------------------------------------------------------------------
---------------------------------------------------------------------------------
Start Renaming Generated Ports
---------------------------------------------------------------------------------
---------------------------------------------------------------------------------
Finished Renaming Generated Ports : Time (s): cpu = 00:00:14 ; elapsed = 00:00:15 . Memory (MB): peak = 2556.977 ; gain = 839.410 ; free physical = 49749 ; free virtual = 97611
---------------------------------------------------------------------------------
---------------------------------------------------------------------------------
Start Handling Custom Attributes
---------------------------------------------------------------------------------
---------------------------------------------------------------------------------
Finished Handling Custom Attributes : Time (s): cpu = 00:00:14 ; elapsed = 00:00:15 . Memory (MB): peak = 2556.977 ; gain = 839.410 ; free physical = 49749 ; free virtual = 97611
---------------------------------------------------------------------------------
---------------------------------------------------------------------------------
Start Renaming Generated Nets
---------------------------------------------------------------------------------
---------------------------------------------------------------------------------
Finished Renaming Generated Nets : Time (s): cpu = 00:00:14 ; elapsed = 00:00:15 . Memory (MB): peak = 2556.977 ; gain = 839.410 ; free physical = 49749 ; free virtual = 97611
---------------------------------------------------------------------------------
---------------------------------------------------------------------------------
Start Writing Synthesis Report
---------------------------------------------------------------------------------

Report BlackBoxes: 
+-+--------------+----------+
| |BlackBox name |Instances |
+-+--------------+----------+
+-+--------------+----------+

Report Cell Usage: 
+------+-----------+------+
|      |Cell       |Count |
+------+-----------+------+
|1     |BUFG       |     2|
|2     |MMCME2_ADV |     1|
|3     |IBUF       |     1|
+------+-----------+------+
---------------------------------------------------------------------------------
Finished Writing Synthesis Report : Time (s): cpu = 00:00:14 ; elapsed = 00:00:15 . Memory (MB): peak = 2556.977 ; gain = 839.410 ; free physical = 49749 ; free virtual = 97611
---------------------------------------------------------------------------------
Synthesis finished with 0 errors, 0 critical warnings and 1 warnings.
Synthesis Optimization Runtime : Time (s): cpu = 00:00:13 ; elapsed = 00:00:13 . Memory (MB): peak = 2556.977 ; gain = 766.473 ; free physical = 49751 ; free virtual = 97607
Synthesis Optimization Complete : Time (s): cpu = 00:00:14 ; elapsed = 00:00:15 . Memory (MB): peak = 2556.984 ; gain = 839.410 ; free physical = 49751 ; free virtual = 97607
INFO: [Project 1-571] Translating synthesized netlist
Netlist sorting complete. Time (s): cpu = 00:00:00 ; elapsed = 00:00:00 . Memory (MB): peak = 2556.984 ; gain = 0.000 ; free physical = 49751 ; free virtual = 97607
INFO: [Netlist 29-17] Analyzing 1 Unisim elements for replacement
INFO: [Netlist 29-28] Unisim Transformation completed in 0 CPU seconds
INFO: [Project 1-570] Preparing netlist for logic optimization
INFO: [Opt 31-138] Pushed 0 inverter(s) to 0 load pin(s).
Netlist sorting complete. Time (s): cpu = 00:00:00 ; elapsed = 00:00:00 . Memory (MB): peak = 2556.984 ; gain = 0.000 ; free physical = 49906 ; free virtual = 97767
INFO: [Project 1-111] Unisim Transformation Summary:
No Unisim elements were transformed.

Synth Design complete | Checksum: 91de916a
INFO: [Common 17-83] Releasing license: Synthesis
30 Infos, 1 Warnings, 0 Critical Warnings and 0 Errors encountered.
synth_design completed successfully
synth_design: Time (s): cpu = 00:00:19 ; elapsed = 00:00:18 . Memory (MB): peak = 2556.984 ; gain = 1055.391 ; free physical = 49906 ; free virtual = 97767
INFO: [Common 17-2834] synth_design peak Physical Memory [PSS] (MB): overall = 1768.855; main = 1768.855; forked = 274.828
INFO: [Common 17-2834] synth_design peak Virtual Memory [VSS] (MB): overall = 3218.996; main = 2556.980; forked = 914.844
Write ShapeDB Complete: Time (s): cpu = 00:00:00 ; elapsed = 00:00:00 . Memory (MB): peak = 2580.988 ; gain = 0.000 ; free physical = 49906 ; free virtual = 97766
INFO: [Common 17-1381] The checkpoint '/home/eiffel/adaptive_timing_repair/project_1/project_1.runs/clockgen_clk_wiz_0_0_synth_1/clockgen_clk_wiz_0_0.dcp' has been generated.
INFO: [Coretcl 2-1648] Added synthesis output to IP cache for IP clockgen_clk_wiz_0_0, cache-ID = 377f8a2223d75b97
Write ShapeDB Complete: Time (s): cpu = 00:00:00 ; elapsed = 00:00:00 . Memory (MB): peak = 2637.016 ; gain = 0.000 ; free physical = 49979 ; free virtual = 97841
INFO: [Common 17-1381] The checkpoint '/home/eiffel/adaptive_timing_repair/project_1/project_1.runs/clockgen_clk_wiz_0_0_synth_1/clockgen_clk_wiz_0_0.dcp' has been generated.
INFO: [Vivado 12-24828] Executing command : report_utilization -file clockgen_clk_wiz_0_0_utilization_synth.rpt -pb clockgen_clk_wiz_0_0_utilization_synth.pb
INFO: [Common 17-206] Exiting Vivado at Thu Apr 17 00:08:25 2025...
